TN:
SF:C:/Projetos/hands/src/polyfills.ts
FNF:0
FNH:0
DA:46,1
DA:74,1
LF:2
LH:2
BRF:0
BRH:0
end_of_record
TN:
SF:C:/Projetos/hands/src/test.ts
FNF:0
FNH:0
DA:3,1
DA:4,1
DA:5,1
DA:13,1
DA:18,1
DA:20,1
LF:6
LH:6
BRF:0
BRH:0
end_of_record
TN:
SF:C:/Projetos/hands/src/app/app.component.ts
FN:8,(anonymous_1)
FN:10,(anonymous_3)
FNF:2
FNH:1
FNDA:2,(anonymous_1)
FNDA:0,(anonymous_3)
DA:1,1
DA:8,1
DA:10,1
DA:11,0
DA:12,0
DA:15,0
DA:18,1
LF:7
LH:4
BRDA:11,0,0,0
BRDA:11,0,1,0
BRF:2
BRH:0
end_of_record
TN:
SF:C:/Projetos/hands/src/app/Cases/cases.component.ts
FN:11,(anonymous_2)
FN:24,CasesComponent
FN:28,(anonymous_4)
FN:31,(anonymous_5)
FN:34,(anonymous_6)
FNF:5
FNH:4
FNDA:1,(anonymous_2)
FNDA:1,CasesComponent
FNDA:1,(anonymous_4)
FNDA:1,(anonymous_5)
FNDA:0,(anonymous_6)
DA:1,1
DA:3,1
DA:11,1
DA:19,1
DA:24,1
DA:28,1
DA:29,1
DA:32,1
DA:34,0
DA:37,1
LF:10
LH:9
BRF:0
BRH:0
end_of_record
TN:
SF:C:/Projetos/hands/src/app/cases/cases.component.ts
FN:11,(anonymous_2)
FN:24,CasesComponent
FN:28,(anonymous_4)
FN:31,(anonymous_5)
FN:34,(anonymous_6)
FNF:5
FNH:4
FNDA:1,(anonymous_2)
FNDA:1,CasesComponent
FNDA:1,(anonymous_4)
FNDA:1,(anonymous_5)
FNDA:0,(anonymous_6)
DA:1,1
DA:3,1
DA:11,1
DA:19,1
DA:24,1
DA:28,1
DA:29,1
DA:32,1
DA:34,0
DA:37,1
LF:10
LH:9
BRF:0
BRH:0
end_of_record
TN:
SF:C:/Projetos/hands/src/app/home/home.component.ts
FN:8,(anonymous_2)
FN:10,HomeComponent
FN:12,(anonymous_4)
FNF:3
FNH:3
FNDA:1,(anonymous_2)
FNDA:1,HomeComponent
FNDA:1,(anonymous_4)
DA:1,1
DA:8,1
DA:12,1
DA:15,1
LF:4
LH:4
BRF:0
BRH:0
end_of_record
TN:
SF:C:/Projetos/hands/src/app/produtos/produtos.component.ts
FN:13,(anonymous_2)
FN:26,ProdutosComponent
FN:30,(anonymous_4)
FN:33,(anonymous_5)
FN:36,(anonymous_6)
FNF:5
FNH:4
FNDA:1,(anonymous_2)
FNDA:2,ProdutosComponent
FNDA:2,(anonymous_4)
FNDA:2,(anonymous_5)
FNDA:0,(anonymous_6)
DA:1,1
DA:3,1
DA:13,1
DA:21,2
DA:26,2
DA:30,2
DA:31,2
DA:34,2
DA:36,0
DA:39,1
LF:10
LH:9
BRF:0
BRH:0
end_of_record
TN:
SF:C:/Projetos/hands/src/app/services/cases.service.ts
FN:14,(anonymous_2)
FN:23,CasesService
FN:27,(anonymous_4)
FN:29,(anonymous_5)
FN:36,(anonymous_6)
FNF:5
FNH:4
FNDA:1,(anonymous_2)
FNDA:3,CasesService
FNDA:2,(anonymous_4)
FNDA:2,(anonymous_5)
FNDA:0,(anonymous_6)
DA:1,1
DA:2,1
DA:3,1
DA:4,1
DA:5,1
DA:14,1
DA:18,3
DA:23,3
DA:27,1
DA:28,2
DA:29,2
DA:36,1
DA:37,0
DA:38,0
DA:40,1
LF:15
LH:13
BRF:0
BRH:0
end_of_record
TN:
SF:C:/Projetos/hands/src/app/services/produtos.service.ts
FN:14,(anonymous_2)
FN:23,ProdutosService
FN:27,(anonymous_4)
FN:35,(anonymous_5)
FNF:4
FNH:3
FNDA:1,(anonymous_2)
FNDA:3,ProdutosService
FNDA:2,(anonymous_4)
FNDA:0,(anonymous_5)
DA:1,1
DA:2,1
DA:3,1
DA:4,1
DA:5,1
DA:14,1
DA:18,3
DA:23,3
DA:27,1
DA:28,2
DA:35,1
DA:36,0
DA:37,0
DA:39,1
LF:14
LH:12
BRF:0
BRH:0
end_of_record
